[ +706 ms] Artifact Instance of 'MaterialFonts' is not required, skipping update.
[   +4 ms] Artifact Instance of 'GradleWrapper' is not required, skipping update.
[        ] Artifact Instance of 'AndroidGenSnapshotArtifacts' is not required, skipping update.
[        ] Artifact Instance of 'AndroidInternalBuildArtifacts' is not required, skipping update.
[        ] Artifact Instance of 'IOSEngineArtifacts' is not required, skipping update.
[        ] Artifact Instance of 'FlutterWebSdk' is not required, skipping update.
[   +3 ms] Artifact Instance of 'LegacyCanvasKitRemover' is not required, skipping update.
[        ] Artifact Instance of 'FlutterSdk' is not required, skipping update.
[        ] Artifact Instance of 'WindowsEngineArtifacts' is not required, skipping update.
[        ] Artifact Instance of 'MacOSEngineArtifacts' is not required, skipping update.
[        ] Artifact Instance of 'LinuxEngineArtifacts' is not required, skipping update.
[        ] Artifact Instance of 'LinuxFuchsiaSDKArtifacts' is not required, skipping update.
[        ] Artifact Instance of 'MacOSFuchsiaSDKArtifacts' is not required, skipping update.
[        ] Artifact Instance of 'FlutterRunnerSDKArtifacts' is not required, skipping update.
[        ] Artifact Instance of 'FlutterRunnerDebugSymbols' is not required, skipping update.
[        ] Artifact Instance of 'IosUsbArtifacts' is not required, skipping update.
[        ] Artifact Instance of 'IosUsbArtifacts' is not required, skipping update.
[   +2 ms] Artifact Instance of 'IosUsbArtifacts' is not required, skipping update.
[        ] Artifact Instance of 'IosUsbArtifacts' is not required, skipping update.
[        ] Artifact Instance of 'IosUsbArtifacts' is not required, skipping update.
[        ] Artifact Instance of 'IosUsbArtifacts' is not required, skipping update.
[        ] Artifact Instance of 'FontSubsetArtifacts' is not required, skipping update.
[   +1 ms] Artifact Instance of 'PubDependencies' is not required, skipping update.
[   +3 ms] executing: [C:\Users\Ngosa Lwando Niza\AppData\Local\Flutter/] git -c log.showSignature=false log HEAD -n 1 --pretty=format:%ad --date=iso
[ +304 ms] Exit code 0 from: git -c log.showSignature=false log HEAD -n 1 --pretty=format:%ad --date=iso
[        ] 2026-01-28 13:43:12 -0800
[ +107 ms] Artifact Instance of 'AndroidGenSnapshotArtifacts' is not required, skipping update.
[        ] Artifact Instance of 'AndroidInternalBuildArtifacts' is not required, skipping update.
[        ] Artifact Instance of 'IOSEngineArtifacts' is not required, skipping update.
[        ] Artifact Instance of 'FlutterWebSdk' is not required, skipping update.
[        ] Artifact Instance of 'FlutterEngineStamp' is not required, skipping update.
[        ] Artifact Instance of 'LegacyCanvasKitRemover' is not required, skipping update.
[  +15 ms] Artifact Instance of 'WindowsEngineArtifacts' is not required, skipping update.
[   +1 ms] Artifact Instance of 'MacOSEngineArtifacts' is not required, skipping update.
[   +1 ms] Artifact Instance of 'LinuxEngineArtifacts' is not required, skipping update.
[        ] Artifact Instance of 'LinuxFuchsiaSDKArtifacts' is not required, skipping update.
[        ] Artifact Instance of 'MacOSFuchsiaSDKArtifacts' is not required, skipping update.
[        ] Artifact Instance of 'FlutterRunnerSDKArtifacts' is not required, skipping update.
[        ] Artifact Instance of 'FlutterRunnerDebugSymbols' is not required, skipping update.
[ +357 ms] Artifact Instance of 'AndroidGenSnapshotArtifacts' is not required, skipping update.
[        ] Artifact Instance of 'AndroidInternalBuildArtifacts' is not required, skipping update.
[        ] Artifact Instance of 'IOSEngineArtifacts' is not required, skipping update.
[        ] Artifact Instance of 'FlutterWebSdk' is not required, skipping update.
[        ] Artifact Instance of 'FlutterEngineStamp' is not required, skipping update.
[        ] Artifact Instance of 'LegacyCanvasKitRemover' is not required, skipping update.
[  +13 ms] Artifact Instance of 'MacOSEngineArtifacts' is not required, skipping update.
[        ] Artifact Instance of 'LinuxEngineArtifacts' is not required, skipping update.
[        ] Artifact Instance of 'LinuxFuchsiaSDKArtifacts' is not required, skipping update.
[        ] Artifact Instance of 'MacOSFuchsiaSDKArtifacts' is not required, skipping update.
[        ] Artifact Instance of 'FlutterRunnerSDKArtifacts' is not required, skipping update.
[        ] Artifact Instance of 'FlutterRunnerDebugSymbols' is not required, skipping update.
[ +784 ms] Initializing file store
[  +64 ms] Skipping target: gen_localizations
[  +11 ms] gen_dart_plugin_registrant: Starting due to {InvalidatedReasonKind.inputChanged: The following inputs have updated contents: C:\Users\Ngosa Lwando Niza\Desktop\socialnetwork\latent_frontend\.dart_tool\package_config.json,C:\Users\Ngosa Lwando Niza\Desktop\socialnetwork\latent_frontend\.dart_tool\flutter_build\dart_plugin_registrant.dart}
[ +375 ms] Found plugin video_player at C:\Users\Ngosa Lwando Niza\AppData\Local\Pub\Cache\hosted\pub.dev\video_player-2.10.1\
[  +17 ms] Found plugin video_player_web at C:\Users\Ngosa Lwando Niza\AppData\Local\Pub\Cache\hosted\pub.dev\video_player_web-2.4.0\
[  +24 ms] Found plugin video_player_avfoundation at C:\Users\Ngosa Lwando Niza\AppData\Local\Pub\Cache\hosted\pub.dev\video_player_avfoundation-2.9.0\
[  +11 ms] Found plugin video_player_android at C:\Users\Ngosa Lwando Niza\AppData\Local\Pub\Cache\hosted\pub.dev\video_player_android-2.9.1\
[  +18 ms] Found plugin video_compress at C:\Users\Ngosa Lwando Niza\AppData\Local\Pub\Cache\hosted\pub.dev\video_compress-3.1.4\
[  +12 ms] Found plugin url_launcher at C:\Users\Ngosa Lwando Niza\AppData\Local\Pub\Cache\hosted\pub.dev\url_launcher-6.3.2\
[  +19 ms] Found plugin url_launcher_windows at C:\Users\Ngosa Lwando Niza\AppData\Local\Pub\Cache\hosted\pub.dev\url_launcher_windows-3.1.5\
[  +17 ms] Found plugin url_launcher_web at C:\Users\Ngosa Lwando Niza\AppData\Local\Pub\Cache\hosted\pub.dev\url_launcher_web-2.4.2\
[   +6 ms] Found plugin url_launcher_macos at C:\Users\Ngosa Lwando Niza\AppData\Local\Pub\Cache\hosted\pub.dev\url_launcher_macos-3.2.5\
[   +6 ms] Found plugin url_launcher_linux at C:\Users\Ngosa Lwando Niza\AppData\Local\Pub\Cache\hosted\pub.dev\url_launcher_linux-3.2.2\
[   +8 ms] Found plugin url_launcher_ios at C:\Users\Ngosa Lwando Niza\AppData\Local\Pub\Cache\hosted\pub.dev\url_launcher_ios-6.3.6\
[   +6 ms] Found plugin url_launcher_android at C:\Users\Ngosa Lwando Niza\AppData\Local\Pub\Cache\hosted\pub.dev\url_launcher_android-6.3.28\
[   +6 ms] Found plugin sqlite3_flutter_libs at C:\Users\Ngosa Lwando Niza\AppData\Local\Pub\Cache\hosted\pub.dev\sqlite3_flutter_libs-0.5.41\
[  +65 ms] Found plugin sqflite at C:\Users\Ngosa Lwando Niza\AppData\Local\Pub\Cache\hosted\pub.dev\sqflite-2.4.2\
[  +14 ms] Found plugin sqflite_darwin at C:\Users\Ngosa Lwando Niza\AppData\Local\Pub\Cache\hosted\pub.dev\sqflite_darwin-2.4.2\
[   +6 ms] Found plugin sqflite_android at C:\Users\Ngosa Lwando Niza\AppData\Local\Pub\Cache\hosted\pub.dev\sqflite_android-2.4.2+2\
[  +10 ms] Found plugin shared_preferences at C:\Users\Ngosa Lwando Niza\AppData\Local\Pub\Cache\hosted\pub.dev\shared_preferences-2.5.4\
[   +6 ms] Found plugin shared_preferences_windows at C:\Users\Ngosa Lwando Niza\AppData\Local\Pub\Cache\hosted\pub.dev\shared_preferences_windows-2.4.1\
[   +9 ms] Found plugin path_provider_windows at C:\Users\Ngosa Lwando Niza\AppData\Local\Pub\Cache\hosted\pub.dev\path_provider_windows-2.3.0\
[  +14 ms] Found plugin shared_preferences_web at C:\Users\Ngosa Lwando Niza\AppData\Local\Pub\Cache\hosted\pub.dev\shared_preferences_web-2.4.3\
[   +5 ms] Found plugin shared_preferences_linux at C:\Users\Ngosa Lwando Niza\AppData\Local\Pub\Cache\hosted\pub.dev\shared_preferences_linux-2.4.1\
[   +6 ms] Found plugin path_provider_linux at C:\Users\Ngosa Lwando Niza\AppData\Local\Pub\Cache\hosted\pub.dev\path_provider_linux-2.2.1\
[  +10 ms] Found plugin shared_preferences_foundation at C:\Users\Ngosa Lwando Niza\AppData\Local\Pub\Cache\hosted\pub.dev\shared_preferences_foundation-2.5.6\
[   +6 ms] Found plugin shared_preferences_android at C:\Users\Ngosa Lwando Niza\AppData\Local\Pub\Cache\hosted\pub.dev\shared_preferences_android-2.4.20\
[   +7 ms] Found plugin share_plus at C:\Users\Ngosa Lwando Niza\AppData\Local\Pub\Cache\hosted\pub.dev\share_plus-10.1.4\
[ +109 ms] Found plugin path_provider at C:\Users\Ngosa Lwando Niza\AppData\Local\Pub\Cache\hosted\pub.dev\path_provider-2.1.5\
[  +11 ms] Found plugin path_provider_foundation at C:\Users\Ngosa Lwando Niza\AppData\Local\Pub\Cache\hosted\pub.dev\path_provider_foundation-2.3.2\
[   +7 ms] Found plugin path_provider_android at C:\Users\Ngosa Lwando Niza\AppData\Local\Pub\Cache\hosted\pub.dev\path_provider_android-2.2.22\
[  +27 ms] Found plugin permission_handler at C:\Users\Ngosa Lwando Niza\AppData\Local\Pub\Cache\hosted\pub.dev\permission_handler-11.4.0\
[   +9 ms] Found plugin permission_handler_windows at C:\Users\Ngosa Lwando Niza\AppData\Local\Pub\Cache\hosted\pub.dev\permission_handler_windows-0.2.1\
[  +12 ms] Found plugin permission_handler_html at C:\Users\Ngosa Lwando Niza\AppData\Local\Pub\Cache\hosted\pub.dev\permission_handler_html-0.1.3+5\
[   +9 ms] Found plugin permission_handler_apple at C:\Users\Ngosa Lwando Niza\AppData\Local\Pub\Cache\hosted\pub.dev\permission_handler_apple-9.4.7\
[   +7 ms] Found plugin permission_handler_android at C:\Users\Ngosa Lwando Niza\AppData\Local\Pub\Cache\hosted\pub.dev\permission_handler_android-12.1.0\
[  +11 ms] Found plugin package_info_plus at C:\Users\Ngosa Lwando Niza\AppData\Local\Pub\Cache\hosted\pub.dev\package_info_plus-8.3.1\
[  +22 ms] Found plugin image_picker at C:\Users\Ngosa Lwando Niza\AppData\Local\Pub\Cache\hosted\pub.dev\image_picker-1.2.1\
[   +7 ms] Found plugin image_picker_windows at C:\Users\Ngosa Lwando Niza\AppData\Local\Pub\Cache\hosted\pub.dev\image_picker_windows-0.2.2\
[   +9 ms] Found plugin file_selector_windows at C:\Users\Ngosa Lwando Niza\AppData\Local\Pub\Cache\hosted\pub.dev\file_selector_windows-0.9.3+5\
[  +11 ms] Found plugin image_picker_macos at C:\Users\Ngosa Lwando Niza\AppData\Local\Pub\Cache\hosted\pub.dev\image_picker_macos-0.2.2+1\
[   +5 ms] Found plugin file_selector_macos at C:\Users\Ngosa Lwando Niza\AppData\Local\Pub\Cache\hosted\pub.dev\file_selector_macos-0.9.5\
[   +6 ms] Found plugin image_picker_linux at C:\Users\Ngosa Lwando Niza\AppData\Local\Pub\Cache\hosted\pub.dev\image_picker_linux-0.2.2\
[   +4 ms] Found plugin file_selector_linux at C:\Users\Ngosa Lwando Niza\AppData\Local\Pub\Cache\hosted\pub.dev\file_selector_linux-0.9.4\
[   +4 ms] Found plugin image_picker_ios at C:\Users\Ngosa Lwando Niza\AppData\Local\Pub\Cache\hosted\pub.dev\image_picker_ios-0.8.13+6\
[   +5 ms] Found plugin image_picker_for_web at C:\Users\Ngosa Lwando Niza\AppData\Local\Pub\Cache\hosted\pub.dev\image_picker_for_web-3.1.1\
[   +5 ms] Found plugin image_picker_android at C:\Users\Ngosa Lwando Niza\AppData\Local\Pub\Cache\hosted\pub.dev\image_picker_android-0.8.13+13\
[   +5 ms] Found plugin flutter_plugin_android_lifecycle at C:\Users\Ngosa Lwando Niza\AppData\Local\Pub\Cache\hosted\pub.dev\flutter_plugin_android_lifecycle-2.0.33\
[  +12 ms] Found plugin geolocator at C:\Users\Ngosa Lwando Niza\AppData\Local\Pub\Cache\hosted\pub.dev\geolocator-13.0.4\
[   +7 ms] Found plugin geolocator_windows at C:\Users\Ngosa Lwando Niza\AppData\Local\Pub\Cache\hosted\pub.dev\geolocator_windows-0.2.5\
[  +34 ms] Found plugin geolocator_web at C:\Users\Ngosa Lwando Niza\AppData\Local\Pub\Cache\hosted\pub.dev\geolocator_web-4.1.3\
[   +5 ms] Found plugin geolocator_apple at C:\Users\Ngosa Lwando Niza\AppData\Local\Pub\Cache\hosted\pub.dev\geolocator_apple-2.3.13\
[   +5 ms] Found plugin geolocator_android at C:\Users\Ngosa Lwando Niza\AppData\Local\Pub\Cache\hosted\pub.dev\geolocator_android-4.6.2\
[  +10 ms] Found plugin flutter_image_compress at C:\Users\Ngosa Lwando Niza\AppData\Local\Pub\Cache\hosted\pub.dev\flutter_image_compress-2.4.0\
[   +5 ms] Found plugin flutter_image_compress_web at C:\Users\Ngosa Lwando Niza\AppData\Local\Pub\Cache\hosted\pub.dev\flutter_image_compress_web-0.1.5\
[  +10 ms] Found plugin flutter_image_compress_ohos at C:\Users\Ngosa Lwando Niza\AppData\Local\Pub\Cache\hosted\pub.dev\flutter_image_compress_ohos-0.0.3\
[   +4 ms] Found plugin flutter_image_compress_macos at C:\Users\Ngosa Lwando Niza\AppData\Local\Pub\Cache\hosted\pub.dev\flutter_image_compress_macos-1.0.3\
[   +5 ms] Found plugin flutter_image_compress_common at C:\Users\Ngosa Lwando Niza\AppData\Local\Pub\Cache\hosted\pub.dev\flutter_image_compress_common-1.0.6\
[ +157 ms] Skipping generating dart_plugin_registrant.dart because it is up-to-date.
[        ] gen_dart_plugin_registrant: Complete
[  +12 ms] Skipping target: _composite
[  +13 ms] complete
[  +61 ms] Launching lib\main.dart on Windows in debug mode...
[  +22 ms] C:\Users\Ngosa Lwando Niza\AppData\Local\Flutter\bin\cache\dart-sdk\bin\dartaotruntime.exe C:\Users\Ngosa Lwando Niza\AppData\Local\Flutter\bin\cache\dart-sdk\bin\snapshots\frontend_server_aot.dart.snapshot --sdk-root C:\Users\Ngosa Lwando Niza\AppData\Local\Flutter\bin\cache\artifacts\engine\common\flutter_patched_sdk/ --incremental --target=flutter --experimental-emit-debug-metadata -DFLUTTER_VERSION=3.38.9 -DFLUTTER_CHANNEL=stable -DFLUTTER_GIT_URL=https://github.com/flutter/flutter.git -DFLUTTER_FRAMEWORK_REVISION=67323de285 -DFLUTTER_ENGINE_REVISION=587c18f873 -DFLUTTER_DART_VERSION=3.10.8 --output-dill C:\Users\NGOSAL~1\AppData\Local\Temp\flutter_tools.c86a0617\flutter_tool.a12fe8c3\app.dill --packages C:\Users\Ngosa Lwando Niza\Desktop\socialnetwork\latent_frontend\.dart_tool\package_config.json -Ddart.vm.profile=false -Ddart.vm.product=false --enable-asserts --track-widget-creation --filesystem-scheme org-dartlang-root --initialize-from-dill build\f537d389bd7fe17e116f8b847863fcdd.cache.dill.track.dill --source file:///C:/Users/Ngosa%20Lwando%20Niza/Desktop/socialnetwork/latent_frontend/.dart_tool/flutter_build/dart_plugin_registrant.dart --source package:flutter/src/dart_plugin_registrant.dart -Dflutter.dart_plugin_registrant=file:///C:/Users/Ngosa%20Lwando%20Niza/Desktop/socialnetwork/latent_frontend/.dart_tool/flutter_build/dart_plugin_registrant.dart --verbosity=error --enable-experiment=alternative-invalidation-strategy
[ +269 ms] executing: C:\Program Files (x86)\Microsoft Visual Studio\Installer\vswhere.exe -format json -products * -utf8 -latest -version 16 -requires Microsoft.VisualStudio.Workload.NativeDesktop Microsoft.VisualStudio.Component.VC.Tools.x86.x64 Microsoft.VisualStudio.Component.VC.CMake.Project
[ +410 ms] Exit code 0 from: C:\Program Files (x86)\Microsoft Visual Studio\Installer\vswhere.exe -format json -products * -utf8 -latest -version 16 -requires Microsoft.VisualStudio.Workload.NativeDesktop Microsoft.VisualStudio.Component.VC.Tools.x86.x64 Microsoft.VisualStudio.Component.VC.CMake.Project
[   +1 ms] [
             {
               "instanceId": "2ac480ff",
               "installDate": "2025-12-31T08:12:57Z",
               "installationName": "VisualStudio/18.2.1+11415.280",
               "installationPath": "C:\\Program Files\\Microsoft Visual Studio\\18\\Community",
               "installationVersion": "18.2.11415.280",
               "productId": "Microsoft.VisualStudio.Product.Community",
               "productPath": "C:\\Program Files\\Microsoft Visual Studio\\18\\Community\\Common7\\IDE\\devenv.exe",
               "state": 4294967295,
               "isComplete": true,
               "isLaunchable": true,
               "isPrerelease": false,
               "isRebootRequired": false,
               "displayName": "Visual Studio Community 2026",
               "description": "Everything you need to build modern apps – free for you, built for impact.",
               "channelId": "VisualStudio.18.Release",
               "channelUri": "https://aka.ms/vs/stable/channel",
               "enginePath": "C:\\Program Files (x86)\\Microsoft Visual Studio\\Installer\\resources\\app\\ServiceHub\\Services\\Microsoft.VisualStudio.Setup.Service",
               "expirationDate": "2026-04-15T17:00:00+00:00",
               "installedChannelId": "VisualStudio.18.Release",
               "installedChannelUri": "https://aka.ms/vs/stable/channel",
               "releaseNotes": "https://docs.microsoft.com/en-us/visualstudio/releases/18/release-notes-v18.2#18.2.1",
               "resolvedInstallationPath": "C:\\Program Files\\Microsoft Visual Studio\\18\\Community",
               "retirementDate": "2026-07-14T17:00:00+00:00",
               "thirdPartyNotices": "https://go.microsoft.com/fwlink/?LinkId=661480",
               "updateDate": "2026-02-01T19:53:07.4716933Z",
               "catalog": {
                 "buildBranch": "d18.0",
                 "buildVersion": "18.2.11415.280",
                 "featureReleaseMonth": "01",
                 "featureReleaseYear": "2026",
                 "id": "VisualStudio/18.2.1+11415.280",
                 "includeBuildVersionInDisplayVersion": "False",
                 "localBuild": "build-lab",
                 "manifestName": "VisualStudio",
                 "manifestType": "installer",
                 "productDisplayVersion": "18.2.1",
                 "productLine": "Dev18",
                 "productLineVersion": "18",
                 "productMilestone": "RTW",
                 "productMilestoneIsPreRelease": "False",
                 "productName": "Visual Studio",
                 "productPatchVersion": "1",
                 "productPreReleaseMilestoneSuffix": "1.0",
                 "productRelease": "RTW",
                 "productSemanticVersion": "18.2.1+11415.280",
                 "requiredEngineVersion": "4.0.2168.39045"
               },
               "properties": {
                 "appLocalWPF": "false",
                 "campaignId": "",
                 "canceled": "0",
                 "channelManifestId": "VisualStudio.18.Release/18.2.1+11415.280",
                 "includeRecommended": "1",
                 "nickname": "",
                 "setupEngineFilePath": "C:\\Program Files (x86)\\Microsoft Visual Studio\\Installer\\setup.exe"
               }
             }
           ]
[  +25 ms] Building Windows application...
[  +42 ms] <- compile package:latent_frontend/main.dart
[   +5 ms] executing: C:\Program Files\Microsoft Visual Studio\18\Community\Common7\IDE\CommonExtensions\Microsoft\CMake\CMake\bin\cmake.exe -S C:\Users\Ngosa Lwando Niza\Desktop\socialnetwork\latent_frontend\windows -B C:\Users\Ngosa Lwando Niza\Desktop\socialnetwork\latent_frontend\build\windows\x64 -G Visual Studio 18 2026 -A x64 -DFLUTTER_TARGET_PLATFORM=windows-x64
[+7119 ms] Feeds used:
[   +1 ms]   C:\Users\Ngosa Lwando Niza\.nuget\packages\
[        ]   https://api.nuget.org/v3/index.json
[        ]   C:\NuGetPackages
[        ]   C:\Program Files (x86)\Microsoft SDKs\NuGetPackages\
[ +753 ms] Package "Microsoft.Windows.CppWinRT.2.0.220418.1" is already installed.
[+26121 ms] Feeds used:
[        ]   C:\Users\Ngosa Lwando Niza\.nuget\packages\
[        ]   https://api.nuget.org/v3/index.json
[        ]   C:\NuGetPackages
[        ]   C:\Program Files (x86)\Microsoft SDKs\NuGetPackages\
[ +966 ms] Package "Microsoft.Windows.CppWinRT.2.0.210806.1" is already installed.
[+50014 ms] -- Configuring done (84.4s)
[+35396 ms] -- Generating done (35.4s)
[ +472 ms] -- Build files have been written to: C:/Users/Ngosa Lwando Niza/Desktop/socialnetwork/latent_frontend/build/windows/x64
[ +250 ms] executing: C:\Program Files\Microsoft Visual Studio\18\Community\Common7\IDE\CommonExtensions\Microsoft\CMake\CMake\bin\cmake.exe --build C:\Users\Ngosa Lwando Niza\Desktop\socialnetwork\latent_frontend\build\windows\x64 --config Debug --target INSTALL --verbose
[+1512 ms] Change Dir: 'C:/Users/Ngosa Lwando Niza/Desktop/socialnetwork/latent_frontend/build/windows/x64'
[   +1 ms] Run Build Command(s): "C:/Program Files/Microsoft Visual Studio/18/Community/MSBuild/Current/Bin/amd64/MSBuild.exe" INSTALL.vcxproj /p:Configuration=Debug /p:Platform=x64 /p:VisualStudioVersion=18.0 /v:n
[ +804 ms] MSBuild version 18.0.5+e22287bf1 for .NET Framework
[ +444 ms] Build started 2/4/2026 3:43:07 PM.
[+1770 ms] Project "C:\Users\Ngosa Lwando Niza\Desktop\socialnetwork\latent_frontend\build\windows\x64\INSTALL.vcxproj" on node 1 (default targets).
[        ] Project "C:\Users\Ngosa Lwando Niza\Desktop\socialnetwork\latent_frontend\build\windows\x64\INSTALL.vcxproj" (1) is building "C:\Users\Ngosa Lwando Niza\Desktop\socialnetwork\latent_frontend\build\windows\x64\ZERO_CHECK.vcxproj" (2) on node 1 (default targets).
[   +2 ms] PrepareForBuild:
[        ]   Structured output is enabled. The formatting of compiler diagnostics will reflect the error hierarchy. See https://aka.ms/cpp/structured-output for more details.
[  +35 ms] InitializeBuildStatus:
[        ]   Creating "x64\Debug\ZERO_CHECK\ZERO_CHECK.tlog\unsuccessfulbuild" because "AlwaysCreate" was specified.
[   +2 ms]   Touching "x64\Debug\ZERO_CHECK\ZERO_CHECK.tlog\unsuccessfulbuild".
[ +177 ms] CustomBuild:
[        ]   All outputs are up-to-date.
[ +798 ms]   1>Checking Build System
[+1049 ms] FinalizeBuildStatus:
[   +2 ms]   Deleting file "x64\Debug\ZERO_CHECK\ZERO_CHECK.tlog\unsuccessfulbuild".
[   +4 ms]   Touching "x64\Debug\ZERO_CHECK\ZERO_CHECK.tlog\ZERO_CHECK.lastbuildstate".
[   +3 ms] Done Building Project "C:\Users\Ngosa Lwando Niza\Desktop\socialnetwork\latent_frontend\build\windows\x64\ZERO_CHECK.vcxproj" (default targets).
[ +979 ms] Project "C:\Users\Ngosa Lwando Niza\Desktop\socialnetwork\latent_frontend\build\windows\x64\INSTALL.vcxproj" (1) is building "C:\Users\Ngosa Lwando Niza\Desktop\socialnetwork\latent_frontend\build\windows\x64\ALL_BUILD.vcxproj" (3) on node 1 (default targets).
[        ] Project "C:\Users\Ngosa Lwando Niza\Desktop\socialnetwork\latent_frontend\build\windows\x64\ALL_BUILD.vcxproj" (3) is building "C:\Users\Ngosa Lwando Niza\Desktop\socialnetwork\latent_frontend\build\windows\x64\plugins\file_selector_windows\file_selector_windows_plugin.vcxproj" (4) on node 1 (default targets).
[        ] Project "C:\Users\Ngosa Lwando Niza\Desktop\socialnetwork\latent_frontend\build\windows\x64\plugins\file_selector_windows\file_selector_windows_plugin.vcxproj" (4) is building "C:\Users\Ngosa Lwando Niza\Desktop\socialnetwork\latent_frontend\build\windows\x64\flutter\flutter_assemble.vcxproj" (5) on node 1 (default targets).
[        ] PrepareForBuild:
[        ]   Structured output is enabled. The formatting of compiler diagnostics will reflect the error hierarchy. See https://aka.ms/cpp/structured-output for more details.
[  +16 ms] InitializeBuildStatus:
[   +1 ms]   Touching "x64\Debug\flutter_assemble\flutter_assemble.tlog\unsuccessfulbuild".
[  +59 ms] CustomBuild:
[   +4 ms]   "The build of 'C:\Users\Ngosa Lwando Niza\Desktop\socialnetwork\latent_frontend\build\windows\x64\CMakeFiles\b32c77bc594ae9e7f5f04bda7aeb2a47\flutter_assemble.rule' depends on 'C:\USERS\NGOSA LWANDO NIZA\DESKTOP\SOCIALNETWORK\LATENT_FRONTEND\WINDOWS\FLUTTER\EPHEMERAL\FLUTTER_WINDOWS.DLL' which is produced by the build of 'C:\Users\Ngosa Lwando Niza\Desktop\socialnetwork\latent_frontend\build\windows\x64\CMakeFiles\abd600de4493de0c6cbdf8612cdfdc06\flutter_windows.dll.rule'. The items cannot be built in parallel."
[ +851 ms]   Generating C:/Users/Ngosa Lwando Niza/Desktop/socialnetwork/latent_frontend/windows/flutter/ephemeral/flutter_windows.dll, C:/Users/Ngosa Lwando Niza/Desktop/socialnetwork/latent_frontend/windows/flutter/ephemeral/flutter_export.h, C:/Users/Ngosa Lwando Niza/Desktop/socialnetwork/latent_frontend/windows/flutter/ephemeral/flutter_windows.h, C:/Users/Ngosa Lwando Niza/Desktop/socialnetwork/latent_frontend/windows/flutter/ephemeral/flutter_messenger.h, C:/Users/Ngosa Lwando Niza/Desktop/socialnetwork/latent_frontend/windows/flutter/ephemeral/flutter_plugin_registrar.h, C:/Users/Ngosa Lwando Niza/Desktop/socialnetwork/latent_frontend/windows/flutter/ephemeral/flutter_texture_registrar.h, C:/Users/Ngosa Lwando Niza/Desktop/socialnetwork/latent_frontend/windows/flutter/ephemeral/cpp_client_wrapper/core_implementations.cc, C:/Users/Ngosa Lwando Niza/Desktop/socialnetwork/latent_frontend/windows/flutter/ephemeral/cpp_client_wrapper/standard_codec.cc, C:/Users/Ngosa Lwando Niza/Desktop/socialnetwork/latent_frontend/windows/flutter/ephemeral/cpp_client_wrapper/plugin_registrar.cc, C:/Users/Ngosa Lwando Niza/Desktop/socialnetwork/latent_frontend/windows/flutter/ephemeral/cpp_client_wrapper/flutter_engine.cc, C:/Users/Ngosa Lwando Niza/Desktop/socialnetwork/latent_frontend/windows/flutter/ephemeral/cpp_client_wrapper/flutter_view_controller.cc, _phony_
[+15262 ms]   [ +937 ms] Artifact Instance of 'MaterialFonts' is not required, skipping update.
[   +1 ms]   [   +6 ms] Artifact Instance of 'GradleWrapper' is not required, skipping update.
[        ]   [        ] Artifact Instance of 'AndroidGenSnapshotArtifacts' is not required, skipping update.
[   +1 ms]   [        ] Artifact Instance of 'AndroidInternalBuildArtifacts' is not required, skipping update.
[   +1 ms]   [   +3 ms] Artifact Instance of 'IOSEngineArtifacts' is not required, skipping update.
[        ]   [        ] Artifact Instance of 'FlutterWebSdk' is not required, skipping update.
[        ]   [   +7 ms] Artifact Instance of 'LegacyCanvasKitRemover' is not required, skipping update.
[        ]   [   +1 ms] Artifact Instance of 'FlutterSdk' is not required, skipping update.
[   +1 ms]   [        ] Artifact Instance of 'WindowsEngineArtifacts' is not required, skipping update.
[   +1 ms]   [        ] Artifact Instance of 'MacOSEngineArtifacts' is not required, skipping update.
[        ]   [        ] Artifact Instance of 'LinuxEngineArtifacts' is not required, skipping update.
[        ]   [        ] Artifact Instance of 'LinuxFuchsiaSDKArtifacts' is not required, skipping update.
[        ]   [   +8 ms] Artifact Instance of 'MacOSFuchsiaSDKArtifacts' is not required, skipping update.
[        ]   [        ] Artifact Instance of 'FlutterRunnerSDKArtifacts' is not required, skipping update.
[        ]   [        ] Artifact Instance of 'FlutterRunnerDebugSymbols' is not required, skipping update.
[        ]   [        ] Artifact Instance of 'IosUsbArtifacts' is not required, skipping update.
[        ]   [        ] Artifact Instance of 'IosUsbArtifacts' is not required, skipping update.
[        ]   [        ] Artifact Instance of 'IosUsbArtifacts' is not required, skipping update.
[        ]   [        ] Artifact Instance of 'IosUsbArtifacts' is not required, skipping update.
[        ]   [        ] Artifact Instance of 'IosUsbArtifacts' is not required, skipping update.
[        ]   [        ] Artifact Instance of 'IosUsbArtifacts' is not required, skipping update.
[        ]   [  +35 ms] Artifact Instance of 'FontSubsetArtifacts' is not required, skipping update.
[        ]   [        ] Artifact Instance of 'PubDependencies' is not required, skipping update.
[  +55 ms]   [  +68 ms] Artifact Instance of 'AndroidGenSnapshotArtifacts' is not required, skipping update.
[   +1 ms]   [        ] Artifact Instance of 'AndroidInternalBuildArtifacts' is not required, skipping update.
[   +3 ms]   [   +4 ms] Artifact Instance of 'IOSEngineArtifacts' is not required, skipping update.
[        ]   [        ] Artifact Instance of 'FlutterWebSdk' is not required, skipping update.
[        ]   [        ] Artifact Instance of 'FlutterEngineStamp' is not required, skipping update.
[        ]   [        ] Artifact Instance of 'LegacyCanvasKitRemover' is not required, skipping update.
[  +19 ms]   [  +19 ms] Artifact Instance of 'WindowsEngineArtifacts' is not required, skipping update.
[   +1 ms]   [        ] Artifact Instance of 'MacOSEngineArtifacts' is not required, skipping update.
[   +2 ms]   [        ] Artifact Instance of 'LinuxEngineArtifacts' is not required, skipping update.
[        ]   [   +2 ms] Artifact Instance of 'LinuxFuchsiaSDKArtifacts' is not required, skipping update.
[   +2 ms]   [   +2 ms] Artifact Instance of 'MacOSFuchsiaSDKArtifacts' is not required, skipping update.
[        ]   [        ] Artifact Instance of 'FlutterRunnerSDKArtifacts' is not required, skipping update.
[   +1 ms]   [        ] Artifact Instance of 'FlutterRunnerDebugSymbols' is not required, skipping update.
[ +374 ms]   [ +367 ms] Artifact Instance of 'MaterialFonts' is not required, skipping update.
[        ]   [   +2 ms] Artifact Instance of 'GradleWrapper' is not required, skipping update.
[        ]   [        ] Artifact Instance of 'AndroidGenSnapshotArtifacts' is not required, skipping update.
[        ]   [        ] Artifact Instance of 'AndroidInternalBuildArtifacts' is not required, skipping update.
[        ]   [        ] Artifact Instance of 'IOSEngineArtifacts' is not required, skipping update.
[        ]   [        ] Artifact Instance of 'FlutterWebSdk' is not required, skipping update.
[        ]   [        ] Artifact Instance of 'FlutterEngineStamp' is not required, skipping update.
[        ]   [        ] Artifact Instance of 'LegacyCanvasKitRemover' is not required, skipping update.
[        ]   [        ] Artifact Instance of 'FlutterSdk' is not required, skipping update.
[  +12 ms]   [  +17 ms] Artifact Instance of 'MacOSEngineArtifacts' is not required, skipping update.
[   +1 ms]   [   +1 ms] Artifact Instance of 'LinuxEngineArtifacts' is not required, skipping update.
[   +1 ms]   [   +1 ms] Artifact Instance of 'LinuxFuchsiaSDKArtifacts' is not required, skipping update.
[   +1 ms]   [   +1 ms] Artifact Instance of 'MacOSFuchsiaSDKArtifacts' is not required, skipping update.
[   +1 ms]   [        ] Artifact Instance of 'FlutterRunnerSDKArtifacts' is not required, skipping update.
[   +3 ms]   [        ] Artifact Instance of 'FlutterRunnerDebugSymbols' is not required, skipping update.
[   +2 ms]   [   +2 ms] Artifact Instance of 'IosUsbArtifacts' is not required, skipping update.
[   +1 ms]   [   +4 ms] Artifact Instance of 'IosUsbArtifacts' is not required, skipping update.
[        ]   [        ] Artifact Instance of 'IosUsbArtifacts' is not required, skipping update.
[   +1 ms]   [   +1 ms] Artifact Instance of 'IosUsbArtifacts' is not required, skipping update.
[   +2 ms]   [   +2 ms] Artifact Instance of 'IosUsbArtifacts' is not required, skipping update.
[        ]   [        ] Artifact Instance of 'IosUsbArtifacts' is not required, skipping update.
[        ]   [        ] Artifact Instance of 'FontSubsetArtifacts' is not required, skipping update.
[   +2 ms]   [   +2 ms] Artifact Instance of 'PubDependencies' is not required, skipping update.
[ +291 ms]   [ +290 ms] Initializing file store
[ +117 ms]   [ +117 ms] Done initializing file store
[ +342 ms]   [ +342 ms] Skipping target: gen_dart_plugin_registrant
[+13198 ms]   [+13198 ms] Skipping target: unpack_windows
[   +3 ms]   [   +3 ms] dart_build: Starting due to {}
[   +7 ms]   [   +7 ms] Skipping target: gen_localizations
[+5890 ms]   [+5890 ms] Skipping target: kernel_snapshot_program
[ +333 ms]   [ +333 ms] executing: C:\Program Files (x86)\Microsoft Visual Studio\Installer\vswhere.exe -format json -products * -utf8 -latest -version 16 -requires Microsoft.VisualStudio.Workload.NativeDesktop Microsoft.VisualStudio.Component.VC.Tools.x86.x64 Microsoft.VisualStudio.Component.VC.CMake.Project
[ +251 ms]   [ +251 ms] Exit code 0 from: C:\Program Files (x86)\Microsoft Visual Studio\Installer\vswhere.exe -format json -products * -utf8 -latest -version 16 -requires Microsoft.VisualStudio.Workload.NativeDesktop Microsoft.VisualStudio.Component.VC.Tools.x86.x64 Microsoft.VisualStudio.Component.VC.CMake.Project
[  +13 ms]   [   +2 ms] [
[   +3 ms]                {
[        ]                  "instanceId": "2ac480ff",
[        ]                  "installDate": "2025-12-31T08:12:57Z",
[        ]                  "installationName": "VisualStudio/18.2.1+11415.280",
[        ]                  "installationPath": "C:\\Program Files\\Microsoft Visual Studio\\18\\Community",
[        ]                  "installationVersion": "18.2.11415.280",
[        ]                  "productId": "Microsoft.VisualStudio.Product.Community",
[        ]                  "productPath": "C:\\Program Files\\Microsoft Visual Studio\\18\\Community\\Common7\\IDE\\devenv.exe",
[        ]                  "state": 4294967295,
[        ]                  "isComplete": true,
[        ]                  "isLaunchable": true,
[        ]                  "isPrerelease": false,
[        ]                  "isRebootRequired": false,
[        ]                  "displayName": "Visual Studio Community 2026",
[   +7 ms]                  "description": "Everything you need to build modern apps – free for you, built for impact.",
[   +3 ms]                  "channelId": "VisualStudio.18.Release",
[        ]                  "channelUri": "https://aka.ms/vs/stable/channel",
[        ]                  "enginePath": "C:\\Program Files (x86)\\Microsoft Visual Studio\\Installer\\resources\\app\\ServiceHub\\Services\\Microsoft.VisualStudio.Setup.Service",
[        ]                  "expirationDate": "2026-04-15T17:00:00+00:00",
[        ]                  "installedChannelId": "VisualStudio.18.Release",
[        ]                  "installedChannelUri": "https://aka.ms/vs/stable/channel",
[        ]                  "releaseNotes": "https://docs.microsoft.com/en-us/visualstudio/releases/18/release-notes-v18.2#18.2.1",
[        ]                  "resolvedInstallationPath": "C:\\Program Files\\Microsoft Visual Studio\\18\\Community",
[        ]                  "retirementDate": "2026-07-14T17:00:00+00:00",
[        ]                  "thirdPartyNotices": "https://go.microsoft.com/fwlink/?LinkId=661480",
[        ]                  "updateDate": "2026-02-01T19:53:07.4716933Z",
[        ]                  "catalog": {
[        ]                    "buildBranch": "d18.0",
[        ]                    "buildVersion": "18.2.11415.280",
[        ]                    "featureReleaseMonth": "01",
[        ]                    "featureReleaseYear": "2026",
[        ]                    "id": "VisualStudio/18.2.1+11415.280",
[        ]                    "includeBuildVersionInDisplayVersion": "False",
[        ]                    "localBuild": "build-lab",
[        ]                    "manifestName": "VisualStudio",
[        ]                    "manifestType": "installer",
[        ]                    "productDisplayVersion": "18.2.1",
[        ]                    "productLine": "Dev18",
[        ]                    "productLineVersion": "18",
[        ]                    "productMilestone": "RTW",
[        ]                    "productMilestoneIsPreRelease": "False",
[        ]                    "productName": "Visual Studio",
[        ]                    "productPatchVersion": "1",
[        ]                    "productPreReleaseMilestoneSuffix": "1.0",
[        ]                    "productRelease": "RTW",
[        ]                    "productSemanticVersion": "18.2.1+11415.280",
[        ]                    "requiredEngineVersion": "4.0.2168.39045"
[        ]                  },
[        ]                  "properties": {
[        ]                    "appLocalWPF": "false",
[        ]                    "campaignId": "",
[        ]                    "canceled": "0",
[        ]                    "channelManifestId": "VisualStudio.18.Release/18.2.1+11415.280",
[        ]                    "includeRecommended": "1",
[        ]                    "nickname": "",
[        ]                    "setupEngineFilePath": "C:\\Program Files (x86)\\Microsoft Visual Studio\\Installer\\setup.exe"
[        ]                  }
[        ]                }
[        ]              ]
[        ]   [  +27 ms] Building native assets for windows_x64.
[ +250 ms]   [ +271 ms] Running `C:\Users\Ngosa Lwando Niza\AppData\Local\Flutter\bin\cache\dart-sdk\bin\dart compile kernel '--packages=C:\Users\Ngosa Lwando Niza\Desktop\socialnetwork\latent_frontend\.dart_tool\package_config.json' '--output=C:\Users\Ngosa Lwando Niza\Desktop\socialnetwork\latent_frontend\.dart_tool\hooks_runner\sqlite3\7b521f47a946c99ed67b1e1562bc0b25\hook.dill' '--depfile=C:\Users\Ngosa Lwando Niza\Desktop\socialnetwork\latent_frontend\.dart_tool\hooks_runner\sqlite3\7b521f47a946c99ed67b1e1562bc0b25\hook.dill.d' 'C:\Users\Ngosa Lwando Niza\AppData\Local\Pub\Cache\hosted\pub.dev\sqlite3-3.1.4\hook\build.dart'`.
[ +147 ms]   [ +141 ms] 'C:\Users\Ngosa' is not recognized as an internal or external command,
[        ]              operable program or batch file.
[  +23 ms]   [  +30 ms] Building native assets for package:sqlite3 failed.
[        ]              Compilation of hook returned with exit code: 1.
[        ]              To reproduce run:
[   +1 ms]              C:\Users\Ngosa Lwando Niza\AppData\Local\Flutter\bin\cache\dart-sdk\bin\dart compile kernel '--packages=C:\Users\Ngosa Lwando Niza\Desktop\socialnetwork\latent_frontend\.dart_tool\package_config.json' '--output=C:\Users\Ngosa Lwando Niza\Desktop\socialnetwork\latent_frontend\.dart_tool\hooks_runner\sqlite3\7b521f47a946c99ed67b1e1562bc0b25\hook.dill' '--depfile=C:\Users\Ngosa Lwando Niza\Desktop\socialnetwork\latent_frontend\.dart_tool\hooks_runner\sqlite3\7b521f47a946c99ed67b1e1562bc0b25\hook.dill.d' 'C:\Users\Ngosa Lwando Niza\AppData\Local\Pub\Cache\hosted\pub.dev\sqlite3-3.1.4\hook\build.dart'
[        ]              stderr:
[        ]              'C:\Users\Ngosa' is not recognized as an internal or external command,
[        ]              operable program or batch file.
[        ]              stdout:
[  +15 ms]   [  +20 ms] Persisting file store
[  +75 ms]   [  +75 ms] Done persisting file store
[   +5 ms]   [   +6 ms] "flutter assemble" took 21,680ms.
[        ]              #0      throwToolExit (package:flutter_tools/src/base/common.dart:34:3)
[        ]              #1      _throwNativeAssetsBuildFailed (package:flutter_tools/src/isolated/native_assets/native_assets.dart:654:3)
[        ]              #2      _build (package:flutter_tools/src/isolated/native_assets/native_assets.dart:612:5)
[        ]              <asynchronous suspension>
[        ]              #3      _runDartHooks (package:flutter_tools/src/isolated/native_assets/native_assets.dart:534:37)
[        ]              <asynchronous suspension>
[   +2 ms]              #4      DartBuild.build (package:flutter_tools/src/build_system/targets/native_assets.dart:76:14)
[        ]              <asynchronous suspension>
[        ]              #5      _BuildInstance._invokeInternal (package:flutter_tools/src/build_system/build_system.dart:895:9)
[        ]              <asynchronous suspension>
[        ]              #6      Future.wait.<anonymous closure> (dart:async/future.dart:546:21)
[        ]              <asynchronous suspension>
[        ]              #7      _BuildInstance.invokeTarget (package:flutter_tools/src/build_system/build_system.dart:833:32)
[   +1 ms]              <asynchronous suspension>
[        ]              #8      Future.wait.<anonymous closure> (dart:async/future.dart:546:21)
[        ]              <asynchronous suspension>
[        ]              #9      _BuildInstance.invokeTarget (package:flutter_tools/src/build_system/build_system.dart:833:32)
[        ]              <asynchronous suspension>
[        ]              #10     FlutterBuildSystem.build (package:flutter_tools/src/build_system/build_system.dart:653:16)
[        ]              <asynchronous suspension>
[        ]              #11     AssembleCommand.runCommand (package:flutter_tools/src/commands/assemble.dart:361:32)
[        ]              <asynchronous suspension>
[        ]              #12     FlutterCommand.run.<anonymous closure> (package:flutter_tools/src/runner/flutter_command.dart:1559:27)
[        ]              <asynchronous suspension>
[        ]              #13     AppContext.run.<anonymous closure> (package:flutter_tools/src/base/context.dart:154:19)
[        ]              <asynchronous suspension>
[        ]              #14     CommandRunner.runCommand (package:args/command_runner.dart:212:13)
[        ]              <asynchronous suspension>
[        ]              #15     FlutterCommandRunner.runCommand.<anonymous closure> (package:flutter_tools/src/runner/flutter_command_runner.dart:487:9)
[        ]              <asynchronous suspension>
[        ]              #16     AppContext.run.<anonymous closure> (package:flutter_tools/src/base/context.dart:154:19)
[        ]              <asynchronous suspension>
[        ]              #17     FlutterCommandRunner.runCommand (package:flutter_tools/src/runner/flutter_command_runner.dart:422:5)
[   +1 ms]              <asynchronous suspension>
[   +1 ms]              #18     run.<anonymous closure>.<anonymous closure> (package:flutter_tools/runner.dart:104:11)
[        ]              <asynchronous suspension>
[   +1 ms]              #19     AppContext.run.<anonymous closure> (package:flutter_tools/src/base/context.dart:154:19)
[        ]              <asynchronous suspension>
[        ]              #20     main (package:flutter_tools/executable.dart:103:3)
[        ]              <asynchronous suspension>
[ +500 ms]   [ +559 ms] 
[   +1 ms]              #0      throwToolExit (package:flutter_tools/src/base/common.dart:34:3)
[        ]              #1      AssembleCommand.runCommand (package:flutter_tools/src/commands/assemble.dart:379:7)
[        ]              <asynchronous suspension>
[        ]              #2      FlutterCommand.run.<anonymous closure> (package:flutter_tools/src/runner/flutter_command.dart:1559:27)
[        ]              <asynchronous suspension>
[        ]              #3      AppContext.run.<anonymous closure> (package:flutter_tools/src/base/context.dart:154:19)
[        ]              <asynchronous suspension>
[        ]              #4      CommandRunner.runCommand (package:args/command_runner.dart:212:13)
[        ]              <asynchronous suspension>
[        ]              #5      FlutterCommandRunner.runCommand.<anonymous closure> (package:flutter_tools/src/runner/flutter_command_runner.dart:487:9)
[        ]              <asynchronous suspension>
[        ]              #6      AppContext.run.<anonymous closure> (package:flutter_tools/src/base/context.dart:154:19)
[        ]              <asynchronous suspension>
[        ]              #7      FlutterCommandRunner.runCommand (package:flutter_tools/src/runner/flutter_command_runner.dart:422:5)
[        ]              <asynchronous suspension>
[        ]              #8      run.<anonymous closure>.<anonymous closure> (package:flutter_tools/runner.dart:104:11)
[        ]              <asynchronous suspension>
[        ]              #9      AppContext.run.<anonymous closure> (package:flutter_tools/src/base/context.dart:154:19)
[   +1 ms]              <asynchronous suspension>
[        ]              #10     main (package:flutter_tools/executable.dart:103:3)
[        ]              <asynchronous suspension>
[        ]   [   +7 ms] Running 1 shutdown hook
[   +6 ms]   [  +12 ms] Shutdown hooks complete
[ +280 ms]   [ +280 ms] exiting with code 1
[   +4 ms] Done Building Project "C:\Users\Ngosa Lwando Niza\Desktop\socialnetwork\latent_frontend\build\windows\x64\flutter\flutter_assemble.vcxproj" (default targets) -- FAILED.
[   +5 ms] Done Building Project "C:\Users\Ngosa Lwando Niza\Desktop\socialnetwork\latent_frontend\build\windows\x64\plugins\file_selector_windows\file_selector_windows_plugin.vcxproj" (default targets) -- FAILED.
[+1224 ms] Project "C:\Users\Ngosa Lwando Niza\Desktop\socialnetwork\latent_frontend\build\windows\x64\ALL_BUILD.vcxproj" (3) is building "C:\Users\Ngosa Lwando Niza\Desktop\socialnetwork\latent_frontend\build\windows\x64\plugins\sqlite3_flutter_libs\sqlite3.vcxproj" (12) on node 1 (default targets).
[   +2 ms] PrepareForBuild:
[        ]   Structured output is enabled. The formatting of compiler diagnostics will reflect the error hierarchy. See https://aka.ms/cpp/structured-output for more details.
[  +17 ms] InitializeBuildStatus:
[   +3 ms]   Creating "sqlite3.dir\Debug\sqlite3.tlog\unsuccessfulbuild" because "AlwaysCreate" was specified.
[   +6 ms]   Touching "sqlite3.dir\Debug\sqlite3.tlog\unsuccessfulbuild".
[  +20 ms] CustomBuild:
[        ]   All outputs are up-to-date.
[ +426 ms]   Building Custom Rule C:/Users/Ngosa Lwando Niza/Desktop/socialnetwork/latent_frontend/windows/flutter/ephemeral/.plugin_symlinks/sqlite3_flutter_libs/windows/CMakeLists.txt
[ +685 ms] ClCompile:
[        ]   All outputs are up-to-date.
[ +432 ms] Link:
[   +1 ms]   All outputs are up-to-date.
[  +34 ms]   sqlite3.vcxproj -> C:\Users\Ngosa Lwando Niza\Desktop\socialnetwork\latent_frontend\build\windows\x64\plugins\sqlite3_flutter_libs\Debug\sqlite3.dll
[  +65 ms] FinalizeBuildStatus:
[        ]   Deleting file "sqlite3.dir\Debug\sqlite3.tlog\unsuccessfulbuild".
[   +4 ms]   Touching "sqlite3.dir\Debug\sqlite3.tlog\sqlite3.lastbuildstate".
[   +4 ms] Done Building Project "C:\Users\Ngosa Lwando Niza\Desktop\socialnetwork\latent_frontend\build\windows\x64\plugins\sqlite3_flutter_libs\sqlite3.vcxproj" (default targets).
[ +369 ms] Done Building Project "C:\Users\Ngosa Lwando Niza\Desktop\socialnetwork\latent_frontend\build\windows\x64\ALL_BUILD.vcxproj" (default targets) -- FAILED.
[   +4 ms] Done Building Project "C:\Users\Ngosa Lwando Niza\Desktop\socialnetwork\latent_frontend\build\windows\x64\INSTALL.vcxproj" (default targets) -- FAILED.
[   +6 ms] Build FAILED.
[   +3 ms] "C:\Users\Ngosa Lwando Niza\Desktop\socialnetwork\latent_frontend\build\windows\x64\INSTALL.vcxproj" (default target) (1) ->
[        ] "C:\Users\Ngosa Lwando Niza\Desktop\socialnetwork\latent_frontend\build\windows\x64\ALL_BUILD.vcxproj" (default target) (3) ->
[        ] "C:\Users\Ngosa Lwando Niza\Desktop\socialnetwork\latent_frontend\build\windows\x64\plugins\file_selector_windows\file_selector_windows_plugin.vcxproj" (default target) (4) ->
[        ] "C:\Users\Ngosa Lwando Niza\Desktop\socialnetwork\latent_frontend\build\windows\x64\flutter\flutter_assemble.vcxproj" (default target) (5) ->
[        ] (CustomBuild target) -> 
[        ]     0 Warning(s)
[        ]     2 Error(s)
[        ] Time Elapsed 00:00:47.50
[ +101 ms] Building Windows application... (completed in 171.5s)
[   +2 ms] "flutter run" took 174,870ms.
[   +2 ms] Running 3 shutdown hooks
[  +52 ms] Shutdown hooks complete
[ +275 ms] exiting with code 1
